<?xml version="1.0" encoding="UTF-8"?>
<coverage generated="1739456321835" clover="3.2.0">
  <project timestamp="1739456321835" name="All files">
    <metrics statements="106" coveredstatements="106" conditionals="4" coveredconditionals="4" methods="18" coveredmethods="18" elements="128" coveredelements="128" complexity="0" loc="106" ncloc="106" packages="3" files="9" classes="9"/>
    <package name="src">
      <metrics statements="23" coveredstatements="23" conditionals="4" coveredconditionals="4" methods="6" coveredmethods="6"/>
      <file name="CredentialManager.js" path="/Users/ncamacho/Development/twilio-verify-passkeys-web/src/CredentialManager.js">
        <metrics statements="6" coveredstatements="6" conditionals="0" coveredconditionals="0" methods="3" coveredmethods="3"/>
        <line num="32" count="2" type="stmt"/>
        <line num="36" count="2" type="stmt"/>
        <line num="37" count="2" type="stmt"/>
        <line num="49" count="2" type="stmt"/>
        <line num="50" count="2" type="stmt"/>
        <line num="52" count="2" type="stmt"/>
      </file>
      <file name="TwilioPasskeys.js" path="/Users/ncamacho/Development/twilio-verify-passkeys-web/src/TwilioPasskeys.js">
        <metrics statements="17" coveredstatements="17" conditionals="4" coveredconditionals="4" methods="3" coveredmethods="3"/>
        <line num="35" count="5" type="stmt"/>
        <line num="45" count="5" type="stmt"/>
        <line num="47" count="5" type="cond" truecount="2" falsecount="0"/>
        <line num="48" count="3" type="stmt"/>
        <line num="51" count="5" type="stmt"/>
        <line num="52" count="5" type="stmt"/>
        <line num="53" count="4" type="stmt"/>
        <line num="55" count="1" type="stmt"/>
        <line num="57" count="5" type="stmt"/>
        <line num="67" count="5" type="stmt"/>
        <line num="69" count="5" type="cond" truecount="2" falsecount="0"/>
        <line num="70" count="3" type="stmt"/>
        <line num="73" count="5" type="stmt"/>
        <line num="74" count="5" type="stmt"/>
        <line num="75" count="4" type="stmt"/>
        <line num="77" count="1" type="stmt"/>
        <line num="79" count="5" type="stmt"/>
      </file>
    </package>
    <package name="src.models">
      <metrics statements="19" coveredstatements="19" conditionals="0" coveredconditionals="0" methods="4" coveredmethods="4"/>
      <file name="AuthenticatePasskeysResponse.js" path="/Users/ncamacho/Development/twilio-verify-passkeys-web/src/models/AuthenticatePasskeysResponse.js">
        <metrics statements="8" coveredstatements="8" conditionals="0" coveredconditionals="0" methods="1" coveredmethods="1"/>
        <line num="33" count="9" type="stmt"/>
        <line num="34" count="9" type="stmt"/>
        <line num="35" count="9" type="stmt"/>
        <line num="36" count="9" type="stmt"/>
        <line num="37" count="9" type="stmt"/>
        <line num="38" count="9" type="stmt"/>
        <line num="39" count="9" type="stmt"/>
        <line num="40" count="9" type="stmt"/>
      </file>
      <file name="AuthenticatePasskeysResult.js" path="/Users/ncamacho/Development/twilio-verify-passkeys-web/src/models/AuthenticatePasskeysResult.js">
        <metrics statements="2" coveredstatements="2" conditionals="0" coveredconditionals="0" methods="1" coveredmethods="1"/>
        <line num="27" count="5" type="stmt"/>
        <line num="31" count="5" type="stmt"/>
      </file>
      <file name="CreatePasskeysResponse.js" path="/Users/ncamacho/Development/twilio-verify-passkeys-web/src/models/CreatePasskeysResponse.js">
        <metrics statements="7" coveredstatements="7" conditionals="0" coveredconditionals="0" methods="1" coveredmethods="1"/>
        <line num="28" count="9" type="stmt"/>
        <line num="29" count="9" type="stmt"/>
        <line num="30" count="9" type="stmt"/>
        <line num="31" count="9" type="stmt"/>
        <line num="32" count="9" type="stmt"/>
        <line num="33" count="9" type="stmt"/>
        <line num="34" count="9" type="stmt"/>
      </file>
      <file name="CreatePasskeysResult.js" path="/Users/ncamacho/Development/twilio-verify-passkeys-web/src/models/CreatePasskeysResult.js">
        <metrics statements="2" coveredstatements="2" conditionals="0" coveredconditionals="0" methods="1" coveredmethods="1"/>
        <line num="27" count="5" type="stmt"/>
        <line num="31" count="5" type="stmt"/>
      </file>
    </package>
    <package name="src.utils">
      <metrics statements="64" coveredstatements="64" conditionals="0" coveredconditionals="0" methods="8" coveredmethods="8"/>
      <file name="PasskeysData.js" path="/Users/ncamacho/Development/twilio-verify-passkeys-web/src/utils/PasskeysData.js">
        <metrics statements="37" coveredstatements="37" conditionals="0" coveredconditionals="0" methods="1" coveredmethods="1"/>
        <line num="21" count="4" type="stmt"/>
        <line num="22" count="4" type="stmt"/>
        <line num="23" count="4" type="stmt"/>
        <line num="24" count="4" type="stmt"/>
        <line num="25" count="4" type="stmt"/>
        <line num="26" count="4" type="stmt"/>
        <line num="27" count="4" type="stmt"/>
        <line num="28" count="4" type="stmt"/>
        <line num="29" count="4" type="stmt"/>
        <line num="30" count="4" type="stmt"/>
        <line num="35" count="4" type="stmt"/>
        <line num="36" count="4" type="stmt"/>
        <line num="37" count="4" type="stmt"/>
        <line num="38" count="4" type="stmt"/>
        <line num="39" count="4" type="stmt"/>
        <line num="41" count="4" type="stmt"/>
        <line num="75" count="4" type="stmt"/>
        <line num="76" count="4" type="stmt"/>
        <line num="77" count="4" type="stmt"/>
        <line num="79" count="4" type="stmt"/>
        <line num="82" count="4" type="stmt"/>
        <line num="84" count="4" type="stmt"/>
        <line num="85" count="4" type="stmt"/>
        <line num="87" count="4" type="stmt"/>
        <line num="94" count="5" type="stmt"/>
        <line num="99" count="4" type="stmt"/>
        <line num="114" count="4" type="stmt"/>
        <line num="141" count="4" type="stmt"/>
        <line num="142" count="4" type="stmt"/>
        <line num="144" count="4" type="stmt"/>
        <line num="161" count="4" type="stmt"/>
        <line num="162" count="4" type="stmt"/>
        <line num="164" count="4" type="stmt"/>
        <line num="166" count="4" type="stmt"/>
        <line num="168" count="4" type="stmt"/>
        <line num="181" count="4" type="stmt"/>
        <line num="197" count="4" type="stmt"/>
      </file>
      <file name="converters.js" path="/Users/ncamacho/Development/twilio-verify-passkeys-web/src/utils/converters.js">
        <metrics statements="11" coveredstatements="11" conditionals="0" coveredconditionals="0" methods="2" coveredmethods="2"/>
        <line num="22" count="4" type="stmt"/>
        <line num="24" count="40" type="stmt"/>
        <line num="25" count="40" type="stmt"/>
        <line num="27" count="40" type="stmt"/>
        <line num="29" count="40" type="stmt"/>
        <line num="37" count="4" type="stmt"/>
        <line num="38" count="56" type="stmt"/>
        <line num="40" count="56" type="stmt"/>
        <line num="41" count="56" type="stmt"/>
        <line num="42" count="3252" type="stmt"/>
        <line num="44" count="56" type="stmt"/>
      </file>
      <file name="mappers.js" path="/Users/ncamacho/Development/twilio-verify-passkeys-web/src/utils/mappers.js">
        <metrics statements="16" coveredstatements="16" conditionals="0" coveredconditionals="0" methods="5" coveredmethods="5"/>
        <line num="27" count="4" type="stmt"/>
        <line num="36" count="4" type="stmt"/>
        <line num="38" count="4" type="stmt"/>
        <line num="57" count="4" type="stmt"/>
        <line num="59" count="5" type="stmt"/>
        <line num="60" count="5" type="stmt"/>
        <line num="61" count="5" type="stmt"/>
        <line num="63" count="5" type="stmt"/>
        <line num="81" count="4" type="stmt"/>
        <line num="82" count="4" type="stmt"/>
        <line num="83" count="4" type="stmt"/>
        <line num="85" count="136" type="stmt"/>
        <line num="99" count="4" type="stmt"/>
        <line num="101" count="5" type="stmt"/>
        <line num="102" count="5" type="stmt"/>
        <line num="104" count="5" type="stmt"/>
      </file>
    </package>
  </project>
</coverage>
