{"/Users/ncamacho/Development/twilio-verify-passkeys-web/src/CredentialManager.js": {"path":"/Users/ncamacho/Development/twilio-verify-passkeys-web/src/CredentialManager.js","statementMap":{"0":{"start":{"line":32,"column":44},"end":{"line":34,"column":9}},"1":{"start":{"line":36,"column":25},"end":{"line":36,"column":88}},"2":{"start":{"line":37,"column":8},"end":{"line":37,"column":26}},"3":{"start":{"line":49,"column":38},"end":{"line":49,"column":51}},"4":{"start":{"line":50,"column":25},"end":{"line":50,"column":79}},"5":{"start":{"line":52,"column":8},"end":{"line":52,"column":26}}},"fnMap":{"0":{"name":"(anonymous_0)","decl":{"start":{"line":21,"column":4},"end":{"line":21,"column":5}},"loc":{"start":{"line":21,"column":18},"end":{"line":21,"column":20}},"line":21},"1":{"name":"(anonymous_1)","decl":{"start":{"line":31,"column":4},"end":{"line":31,"column":5}},"loc":{"start":{"line":31,"column":42},"end":{"line":38,"column":5}},"line":31},"2":{"name":"(anonymous_2)","decl":{"start":{"line":48,"column":4},"end":{"line":48,"column":5}},"loc":{"start":{"line":48,"column":39},"end":{"line":53,"column":5}},"line":48}},"branchMap":{},"s":{"0":2,"1":2,"2":2,"3":2,"4":2,"5":2},"f":{"0":5,"1":2,"2":2},"b":{},"inputSourceMap":null,"_coverageSchema":"1a1c01bbd47fc00a2c39e90264f33305004495a9","hash":"926415b06cb0401495f415dd8e28e520e3a130dd"}
,"/Users/ncamacho/Development/twilio-verify-passkeys-web/src/TwilioPasskeys.js": {"path":"/Users/ncamacho/Development/twilio-verify-passkeys-web/src/TwilioPasskeys.js","statementMap":{"0":{"start":{"line":35,"column":8},"end":{"line":35,"column":57}},"1":{"start":{"line":45,"column":21},"end":{"line":45,"column":47}},"2":{"start":{"line":47,"column":8},"end":{"line":49,"column":9}},"3":{"start":{"line":48,"column":12},"end":{"line":48,"column":76}},"4":{"start":{"line":51,"column":8},"end":{"line":56,"column":9}},"5":{"start":{"line":52,"column":29},"end":{"line":52,"column":92}},"6":{"start":{"line":53,"column":12},"end":{"line":53,"column":71}},"7":{"start":{"line":55,"column":12},"end":{"line":55,"column":33}},"8":{"start":{"line":57,"column":8},"end":{"line":57,"column":22}},"9":{"start":{"line":67,"column":21},"end":{"line":67,"column":53}},"10":{"start":{"line":69,"column":8},"end":{"line":71,"column":9}},"11":{"start":{"line":70,"column":12},"end":{"line":70,"column":93}},"12":{"start":{"line":73,"column":8},"end":{"line":78,"column":9}},"13":{"start":{"line":74,"column":29},"end":{"line":74,"column":94}},"14":{"start":{"line":75,"column":12},"end":{"line":75,"column":77}},"15":{"start":{"line":77,"column":12},"end":{"line":77,"column":33}},"16":{"start":{"line":79,"column":8},"end":{"line":79,"column":22}}},"fnMap":{"0":{"name":"(anonymous_0)","decl":{"start":{"line":34,"column":4},"end":{"line":34,"column":5}},"loc":{"start":{"line":34,"column":18},"end":{"line":36,"column":5}},"line":34},"1":{"name":"(anonymous_1)","decl":{"start":{"line":44,"column":4},"end":{"line":44,"column":5}},"loc":{"start":{"line":44,"column":35},"end":{"line":58,"column":5}},"line":44},"2":{"name":"(anonymous_2)","decl":{"start":{"line":66,"column":4},"end":{"line":66,"column":5}},"loc":{"start":{"line":66,"column":46},"end":{"line":80,"column":5}},"line":66}},"branchMap":{"0":{"loc":{"start":{"line":47,"column":8},"end":{"line":49,"column":9}},"type":"if","locations":[{"start":{"line":47,"column":8},"end":{"line":49,"column":9}},{"start":{},"end":{}}],"line":47},"1":{"loc":{"start":{"line":69,"column":8},"end":{"line":71,"column":9}},"type":"if","locations":[{"start":{"line":69,"column":8},"end":{"line":71,"column":9}},{"start":{},"end":{}}],"line":69}},"s":{"0":5,"1":5,"2":5,"3":3,"4":5,"5":5,"6":4,"7":1,"8":5,"9":5,"10":5,"11":3,"12":5,"13":5,"14":4,"15":1,"16":5},"f":{"0":5,"1":5,"2":5},"b":{"0":[3,2],"1":[3,2]},"inputSourceMap":null,"_coverageSchema":"1a1c01bbd47fc00a2c39e90264f33305004495a9","hash":"e9a7822726eba15c01da3948c2b417b29fb0372e"}
,"/Users/ncamacho/Development/twilio-verify-passkeys-web/src/models/AuthenticatePasskeysResponse.js": {"path":"/Users/ncamacho/Development/twilio-verify-passkeys-web/src/models/AuthenticatePasskeysResponse.js","statementMap":{"0":{"start":{"line":33,"column":8},"end":{"line":33,"column":21}},"1":{"start":{"line":34,"column":8},"end":{"line":34,"column":27}},"2":{"start":{"line":35,"column":8},"end":{"line":35,"column":63}},"3":{"start":{"line":36,"column":8},"end":{"line":36,"column":25}},"4":{"start":{"line":37,"column":8},"end":{"line":37,"column":45}},"5":{"start":{"line":38,"column":8},"end":{"line":38,"column":51}},"6":{"start":{"line":39,"column":8},"end":{"line":39,"column":35}},"7":{"start":{"line":40,"column":8},"end":{"line":40,"column":37}}},"fnMap":{"0":{"name":"(anonymous_0)","decl":{"start":{"line":32,"column":4},"end":{"line":32,"column":5}},"loc":{"start":{"line":32,"column":116},"end":{"line":41,"column":5}},"line":32}},"branchMap":{},"s":{"0":9,"1":9,"2":9,"3":9,"4":9,"5":9,"6":9,"7":9},"f":{"0":9},"b":{},"inputSourceMap":null,"_coverageSchema":"1a1c01bbd47fc00a2c39e90264f33305004495a9","hash":"8ad36daabb055e46d78b4f2c413bd1a8ead8be76"}
,"/Users/ncamacho/Development/twilio-verify-passkeys-web/src/models/AuthenticatePasskeysResult.js": {"path":"/Users/ncamacho/Development/twilio-verify-passkeys-web/src/models/AuthenticatePasskeysResult.js","statementMap":{"0":{"start":{"line":27,"column":8},"end":{"line":27,"column":28}},"1":{"start":{"line":31,"column":8},"end":{"line":31,"column":26}}},"fnMap":{"0":{"name":"(anonymous_0)","decl":{"start":{"line":21,"column":4},"end":{"line":21,"column":5}},"loc":{"start":{"line":21,"column":18},"end":{"line":32,"column":5}},"line":21}},"branchMap":{},"s":{"0":5,"1":5},"f":{"0":5},"b":{},"inputSourceMap":null,"_coverageSchema":"1a1c01bbd47fc00a2c39e90264f33305004495a9","hash":"8fd78e45a7b1c5ef184d4be60c22c7b8dcf486a4"}
,"/Users/ncamacho/Development/twilio-verify-passkeys-web/src/models/CreatePasskeysResponse.js": {"path":"/Users/ncamacho/Development/twilio-verify-passkeys-web/src/models/CreatePasskeysResponse.js","statementMap":{"0":{"start":{"line":28,"column":8},"end":{"line":28,"column":21}},"1":{"start":{"line":29,"column":8},"end":{"line":29,"column":27}},"2":{"start":{"line":30,"column":8},"end":{"line":30,"column":63}},"3":{"start":{"line":31,"column":8},"end":{"line":31,"column":25}},"4":{"start":{"line":32,"column":8},"end":{"line":32,"column":51}},"5":{"start":{"line":33,"column":8},"end":{"line":33,"column":45}},"6":{"start":{"line":34,"column":8},"end":{"line":34,"column":37}}},"fnMap":{"0":{"name":"(anonymous_0)","decl":{"start":{"line":27,"column":4},"end":{"line":27,"column":5}},"loc":{"start":{"line":27,"column":105},"end":{"line":35,"column":5}},"line":27}},"branchMap":{},"s":{"0":9,"1":9,"2":9,"3":9,"4":9,"5":9,"6":9},"f":{"0":9},"b":{},"inputSourceMap":null,"_coverageSchema":"1a1c01bbd47fc00a2c39e90264f33305004495a9","hash":"03d87a69c7aab13863ae6c3eef865ed5a87bcfd2"}
,"/Users/ncamacho/Development/twilio-verify-passkeys-web/src/models/CreatePasskeysResult.js": {"path":"/Users/ncamacho/Development/twilio-verify-passkeys-web/src/models/CreatePasskeysResult.js","statementMap":{"0":{"start":{"line":27,"column":8},"end":{"line":27,"column":28}},"1":{"start":{"line":31,"column":8},"end":{"line":31,"column":26}}},"fnMap":{"0":{"name":"(anonymous_0)","decl":{"start":{"line":21,"column":4},"end":{"line":21,"column":5}},"loc":{"start":{"line":21,"column":18},"end":{"line":32,"column":5}},"line":21}},"branchMap":{},"s":{"0":5,"1":5},"f":{"0":5},"b":{},"inputSourceMap":null,"_coverageSchema":"1a1c01bbd47fc00a2c39e90264f33305004495a9","hash":"37cc63d0641f9bacc361d4013a53dbbada9ba59c"}
,"/Users/ncamacho/Development/twilio-verify-passkeys-web/src/utils/PasskeysData.js": {"path":"/Users/ncamacho/Development/twilio-verify-passkeys-web/src/utils/PasskeysData.js","statementMap":{"0":{"start":{"line":21,"column":21},"end":{"line":21,"column":34}},"1":{"start":{"line":22,"column":23},"end":{"line":22,"column":32}},"2":{"start":{"line":23,"column":23},"end":{"line":23,"column":71}},"3":{"start":{"line":24,"column":25},"end":{"line":24,"column":32}},"4":{"start":{"line":25,"column":33},"end":{"line":25,"column":43}},"5":{"start":{"line":26,"column":32},"end":{"line":26,"column":80}},"6":{"start":{"line":27,"column":33},"end":{"line":27,"column":45}},"7":{"start":{"line":28,"column":32},"end":{"line":28,"column":34}},"8":{"start":{"line":29,"column":23},"end":{"line":29,"column":29}},"9":{"start":{"line":30,"column":30},"end":{"line":34,"column":1}},"10":{"start":{"line":35,"column":64},"end":{"line":35,"column":74}},"11":{"start":{"line":36,"column":60},"end":{"line":36,"column":65}},"12":{"start":{"line":37,"column":52},"end":{"line":37,"column":63}},"13":{"start":{"line":38,"column":57},"end":{"line":38,"column":68}},"14":{"start":{"line":39,"column":27},"end":{"line":39,"column":33}},"15":{"start":{"line":41,"column":29},"end":{"line":73,"column":2}},"16":{"start":{"line":75,"column":18},"end":{"line":75,"column":56}},"17":{"start":{"line":76,"column":22},"end":{"line":76,"column":88}},"18":{"start":{"line":77,"column":40},"end":{"line":77,"column":50}},"19":{"start":{"line":79,"column":2},"end":{"line":80,"column":76}},"20":{"start":{"line":82,"column":2},"end":{"line":83,"column":106}},"21":{"start":{"line":84,"column":20},"end":{"line":84,"column":32}},"22":{"start":{"line":85,"column":26},"end":{"line":85,"column":48}},"23":{"start":{"line":87,"column":35},"end":{"line":97,"column":1}},"24":{"start":{"line":94,"column":29},"end":{"line":94,"column":39}},"25":{"start":{"line":99,"column":37},"end":{"line":107,"column":1}},"26":{"start":{"line":114,"column":36},"end":{"line":139,"column":1}},"27":{"start":{"line":141,"column":38},"end":{"line":141,"column":86}},"28":{"start":{"line":142,"column":33},"end":{"line":142,"column":44}},"29":{"start":{"line":144,"column":35},"end":{"line":158,"column":2}},"30":{"start":{"line":161,"column":2},"end":{"line":161,"column":100}},"31":{"start":{"line":162,"column":27},"end":{"line":162,"column":75}},"32":{"start":{"line":164,"column":2},"end":{"line":165,"column":90}},"33":{"start":{"line":166,"column":34},"end":{"line":166,"column":86}},"34":{"start":{"line":168,"column":41},"end":{"line":179,"column":1}},"35":{"start":{"line":181,"column":43},"end":{"line":190,"column":1}},"36":{"start":{"line":197,"column":42},"end":{"line":210,"column":1}}},"fnMap":{"0":{"name":"(anonymous_0)","decl":{"start":{"line":94,"column":23},"end":{"line":94,"column":24}},"loc":{"start":{"line":94,"column":29},"end":{"line":94,"column":39}},"line":94}},"branchMap":{},"s":{"0":4,"1":4,"2":4,"3":4,"4":4,"5":4,"6":4,"7":4,"8":4,"9":4,"10":4,"11":4,"12":4,"13":4,"14":4,"15":4,"16":4,"17":4,"18":4,"19":4,"20":4,"21":4,"22":4,"23":4,"24":5,"25":4,"26":4,"27":4,"28":4,"29":4,"30":4,"31":4,"32":4,"33":4,"34":4,"35":4,"36":4},"f":{"0":5},"b":{},"inputSourceMap":null,"_coverageSchema":"1a1c01bbd47fc00a2c39e90264f33305004495a9","hash":"e7f24085873737caec0682b6a532715b855161e4"}
,"/Users/ncamacho/Development/twilio-verify-passkeys-web/src/utils/converters.js": {"path":"/Users/ncamacho/Development/twilio-verify-passkeys-web/src/utils/converters.js","statementMap":{"0":{"start":{"line":22,"column":28},"end":{"line":30,"column":1}},"1":{"start":{"line":24,"column":19},"end":{"line":24,"column":74}},"2":{"start":{"line":25,"column":23},"end":{"line":25,"column":35}},"3":{"start":{"line":27,"column":4},"end":{"line":27,"column":90}},"4":{"start":{"line":29,"column":4},"end":{"line":29,"column":24}},"5":{"start":{"line":37,"column":28},"end":{"line":45,"column":1}},"6":{"start":{"line":38,"column":26},"end":{"line":38,"column":38}},"7":{"start":{"line":40,"column":19},"end":{"line":40,"column":55}},"8":{"start":{"line":41,"column":4},"end":{"line":43,"column":5}},"9":{"start":{"line":41,"column":17},"end":{"line":41,"column":18}},"10":{"start":{"line":42,"column":8},"end":{"line":42,"column":48}},"11":{"start":{"line":44,"column":4},"end":{"line":44,"column":18}}},"fnMap":{"0":{"name":"(anonymous_0)","decl":{"start":{"line":22,"column":28},"end":{"line":22,"column":29}},"loc":{"start":{"line":22,"column":40},"end":{"line":30,"column":1}},"line":22},"1":{"name":"(anonymous_1)","decl":{"start":{"line":37,"column":28},"end":{"line":37,"column":29}},"loc":{"start":{"line":37,"column":40},"end":{"line":45,"column":1}},"line":37}},"branchMap":{},"s":{"0":4,"1":40,"2":40,"3":40,"4":40,"5":4,"6":56,"7":56,"8":56,"9":56,"10":3252,"11":56},"f":{"0":40,"1":56},"b":{},"inputSourceMap":null,"_coverageSchema":"1a1c01bbd47fc00a2c39e90264f33305004495a9","hash":"3e3ee194132bcfe382eefa52f48d5296305a0437"}
,"/Users/ncamacho/Development/twilio-verify-passkeys-web/src/utils/mappers.js": {"path":"/Users/ncamacho/Development/twilio-verify-passkeys-web/src/utils/mappers.js","statementMap":{"0":{"start":{"line":27,"column":36},"end":{"line":51,"column":1}},"1":{"start":{"line":36,"column":8},"end":{"line":36,"column":36}},"2":{"start":{"line":38,"column":4},"end":{"line":50,"column":6}},"3":{"start":{"line":57,"column":38},"end":{"line":72,"column":1}},"4":{"start":{"line":59,"column":67},"end":{"line":59,"column":77}},"5":{"start":{"line":60,"column":50},"end":{"line":60,"column":58}},"6":{"start":{"line":61,"column":23},"end":{"line":61,"column":47}},"7":{"start":{"line":63,"column":4},"end":{"line":71,"column":6}},"8":{"start":{"line":81,"column":42},"end":{"line":92,"column":1}},"9":{"start":{"line":82,"column":77},"end":{"line":82,"column":115}},"10":{"start":{"line":83,"column":4},"end":{"line":91,"column":5}},"11":{"start":{"line":85,"column":61},"end":{"line":85,"column":76}},"12":{"start":{"line":99,"column":44},"end":{"line":114,"column":1}},"13":{"start":{"line":101,"column":67},"end":{"line":101,"column":77}},"14":{"start":{"line":102,"column":73},"end":{"line":102,"column":81}},"15":{"start":{"line":104,"column":4},"end":{"line":113,"column":5}}},"fnMap":{"0":{"name":"(anonymous_0)","decl":{"start":{"line":27,"column":36},"end":{"line":27,"column":37}},"loc":{"start":{"line":27,"column":58},"end":{"line":51,"column":1}},"line":27},"1":{"name":"(anonymous_1)","decl":{"start":{"line":57,"column":38},"end":{"line":57,"column":39}},"loc":{"start":{"line":57,"column":54},"end":{"line":72,"column":1}},"line":57},"2":{"name":"(anonymous_2)","decl":{"start":{"line":81,"column":42},"end":{"line":81,"column":43}},"loc":{"start":{"line":81,"column":64},"end":{"line":92,"column":1}},"line":81},"3":{"name":"(anonymous_3)","decl":{"start":{"line":85,"column":56},"end":{"line":85,"column":57}},"loc":{"start":{"line":85,"column":61},"end":{"line":85,"column":76}},"line":85},"4":{"name":"(anonymous_4)","decl":{"start":{"line":99,"column":44},"end":{"line":99,"column":45}},"loc":{"start":{"line":99,"column":60},"end":{"line":114,"column":1}},"line":99}},"branchMap":{},"s":{"0":4,"1":4,"2":4,"3":4,"4":5,"5":5,"6":5,"7":5,"8":4,"9":4,"10":4,"11":136,"12":4,"13":5,"14":5,"15":5},"f":{"0":4,"1":5,"2":4,"3":136,"4":5},"b":{},"inputSourceMap":null,"_coverageSchema":"1a1c01bbd47fc00a2c39e90264f33305004495a9","hash":"aab4fcafcf0b78d420190b4de977f509eef3db35"}
}
