TN:
SF:src/CredentialManager.js
FN:21,(anonymous_0)
FN:31,(anonymous_1)
FN:48,(anonymous_2)
FNF:3
FNH:3
FNDA:5,(anonymous_0)
FNDA:2,(anonymous_1)
FNDA:2,(anonymous_2)
DA:32,2
DA:36,2
DA:37,2
DA:49,2
DA:50,2
DA:52,2
LF:6
LH:6
BRF:0
BRH:0
end_of_record
TN:
SF:src/TwilioPasskeys.js
FN:34,(anonymous_0)
FN:44,(anonymous_1)
FN:66,(anonymous_2)
FNF:3
FNH:3
FNDA:5,(anonymous_0)
FNDA:5,(anonymous_1)
FNDA:5,(anonymous_2)
DA:35,5
DA:45,5
DA:47,5
DA:48,3
DA:51,5
DA:52,5
DA:53,4
DA:55,1
DA:57,5
DA:67,5
DA:69,5
DA:70,3
DA:73,5
DA:74,5
DA:75,4
DA:77,1
DA:79,5
LF:17
LH:17
BRDA:47,0,0,3
BRDA:47,0,1,2
BRDA:69,1,0,3
BRDA:69,1,1,2
BRF:4
BRH:4
end_of_record
TN:
SF:src/models/AuthenticatePasskeysResponse.js
FN:32,(anonymous_0)
FNF:1
FNH:1
FNDA:9,(anonymous_0)
DA:33,9
DA:34,9
DA:35,9
DA:36,9
DA:37,9
DA:38,9
DA:39,9
DA:40,9
LF:8
LH:8
BRF:0
BRH:0
end_of_record
TN:
SF:src/models/AuthenticatePasskeysResult.js
FN:21,(anonymous_0)
FNF:1
FNH:1
FNDA:5,(anonymous_0)
DA:27,5
DA:31,5
LF:2
LH:2
BRF:0
BRH:0
end_of_record
TN:
SF:src/models/CreatePasskeysResponse.js
FN:27,(anonymous_0)
FNF:1
FNH:1
FNDA:9,(anonymous_0)
DA:28,9
DA:29,9
DA:30,9
DA:31,9
DA:32,9
DA:33,9
DA:34,9
LF:7
LH:7
BRF:0
BRH:0
end_of_record
TN:
SF:src/models/CreatePasskeysResult.js
FN:21,(anonymous_0)
FNF:1
FNH:1
FNDA:5,(anonymous_0)
DA:27,5
DA:31,5
LF:2
LH:2
BRF:0
BRH:0
end_of_record
TN:
SF:src/utils/PasskeysData.js
FN:94,(anonymous_0)
FNF:1
FNH:1
FNDA:5,(anonymous_0)
DA:21,4
DA:22,4
DA:23,4
DA:24,4
DA:25,4
DA:26,4
DA:27,4
DA:28,4
DA:29,4
DA:30,4
DA:35,4
DA:36,4
DA:37,4
DA:38,4
DA:39,4
DA:41,4
DA:75,4
DA:76,4
DA:77,4
DA:79,4
DA:82,4
DA:84,4
DA:85,4
DA:87,4
DA:94,5
DA:99,4
DA:114,4
DA:141,4
DA:142,4
DA:144,4
DA:161,4
DA:162,4
DA:164,4
DA:166,4
DA:168,4
DA:181,4
DA:197,4
LF:37
LH:37
BRF:0
BRH:0
end_of_record
TN:
SF:src/utils/converters.js
FN:22,(anonymous_0)
FN:37,(anonymous_1)
FNF:2
FNH:2
FNDA:40,(anonymous_0)
FNDA:56,(anonymous_1)
DA:22,4
DA:24,40
DA:25,40
DA:27,40
DA:29,40
DA:37,4
DA:38,56
DA:40,56
DA:41,56
DA:42,3252
DA:44,56
LF:11
LH:11
BRF:0
BRH:0
end_of_record
TN:
SF:src/utils/mappers.js
FN:27,(anonymous_0)
FN:57,(anonymous_1)
FN:81,(anonymous_2)
FN:85,(anonymous_3)
FN:99,(anonymous_4)
FNF:5
FNH:5
FNDA:4,(anonymous_0)
FNDA:5,(anonymous_1)
FNDA:4,(anonymous_2)
FNDA:136,(anonymous_3)
FNDA:5,(anonymous_4)
DA:27,4
DA:36,4
DA:38,4
DA:57,4
DA:59,5
DA:60,5
DA:61,5
DA:63,5
DA:81,4
DA:82,4
DA:83,4
DA:85,136
DA:99,4
DA:101,5
DA:102,5
DA:104,5
LF:16
LH:16
BRF:0
BRH:0
end_of_record
